2026-04-20 16:08:06 | [32mINFO[0m | src.api.redis_cache | ✓ Redis connected: localhost:6379
2026-04-20 16:08:06 | [32mINFO[0m | src.api.postgres_db | ✓ PostgreSQL connected: PostgreSQL 18.3 (Homebrew) on aarch64-apple-darwin...
INFO:     Started server process [97876]
INFO:     Waiting for application startup.
2026-04-20 16:08:06 | [32mINFO[0m | __main__ | 🚀 Starting Trade Flow Prediction API...
2026-04-20 16:08:06 | [32mINFO[0m | __main__ | ✓ Redis cache available
2026-04-20 16:08:06 | [32mINFO[0m | __main__ | ✓ PostgreSQL database available
2026-04-20 16:08:06 | [32mINFO[0m | __main__ | Loading model: causal_gnn_working.pt
2026-04-20 16:08:06 | [32mINFO[0m | __main__ | ✓ CausalTradeGNN loaded successfully
2026-04-20 16:08:06 | [32mINFO[0m | src.data.loaders | Loading graph data...
2026-04-20 16:08:06 | [32mINFO[0m | src.data.loaders | ✓ Loaded 815 node-year combinations
2026-04-20 16:08:06 | [32mINFO[0m | src.data.loaders | ✓ Using 203 unique countries (year 2020)
2026-04-20 16:08:06 | [32mINFO[0m | src.data.loaders | ✓ Loaded 84,609 edges
2026-04-20 16:08:06 | [32mINFO[0m | src.data.loaders | ✓ Using sentiment_norm as sentiment_score
2026-04-20 16:08:06 | [32mINFO[0m | src.data.loaders | ✓ Created article_count
2026-04-20 16:08:06 | [32mINFO[0m | src.data.loaders | ✓ Node mapping: 204 countries
2026-04-20 16:08:06 | [32mINFO[0m | __main__ | ✓ Data loaded: 204 countries
2026-04-20 16:08:06 | [32mINFO[0m | __main__ | ✓ Loaded 179 news articles
2026-04-20 16:08:06 | [32mINFO[0m | src.models.simulation | ✓ GNN Simulator loaded successfully from models/causal_gnn_working.pt
2026-04-20 16:08:06 | [32mINFO[0m | __main__ | ✓ Causal Trade Simulator initialized
2026-04-20 16:08:06 | [32mINFO[0m | __main__ | ✓ Loaded 10 bilateral sentiment scores
2026-04-20 16:08:06 | [32mINFO[0m | __main__ |   Avg sentiment: -0.153
2026-04-20 16:08:06 | [32mINFO[0m | src.data.loaders | Creating temporal graphs...
2026-04-20 16:08:06 | [32mINFO[0m | src.data.loaders | Found 4 time periods: 2017-01 to 2020-01
2026-04-20 16:08:11 | [32mINFO[0m | src.data.loaders | ✓ Created 4 graphs (skipped 0)
2026-04-20 16:08:11 | [32mINFO[0m | __main__ | ✓ Pre-cached 4 graph snapshots
INFO:     Application startup complete.
INFO:     Uvicorn running on http://0.0.0.0:8000 (Press CTRL+C to quit)
2026-04-20 16:08:33 | [32mINFO[0m | __main__ | 🌐 Triggering real-time news analysis for USA...
2026-04-20 16:09:02 | [32mINFO[0m | src.pipelines.sentiment_analyzer | Loading sentiment model: ProsusAI/finbert
2026-04-20 16:09:02 | [32mINFO[0m | src.pipelines.sentiment_analyzer | Using device: cpu
2026-04-20 16:10:11 | [32mINFO[0m | src.pipelines.sentiment_analyzer | ✓ FinBERT model loaded successfully
2026-04-20 16:10:12 | [32mINFO[0m | __main__ | ✅ Injected 4 live articles
2026-04-20 16:10:12 | [32mINFO[0m | __main__ | Found 11 historical articles
2026-04-20 16:10:12 | [32mINFO[0m | __main__ | Returning 15 articles with calculated sentiment
INFO:     127.0.0.1:56933 - "GET /api/news?sector=Pharmaceuticals&month=2026-04&partner=USA HTTP/1.1" 200 OK
