2026-04-01 10:08:29 | [32mINFO[0m | preprocessing | preprocess_data.py:31 | 🚀 Starting data preprocessing pipeline...
2026-04-01 10:08:29 | [31mERROR[0m | preprocessing | preprocess_data.py:72 | ❌ Preprocessing failed: Comtrade data is empty after loading. Cannot proceed.
Traceback (most recent call last):
  File "/Users/anushkapatil/Documents/anushka/scripts/preprocess_data.py", line 39, in main
    nodes, edges, metadata = preprocessor.run()
                             ~~~~~~~~~~~~~~~~^^
  File "/Users/anushkapatil/Documents/anushka/src/data/preprocessing.py", line 603, in run
    merged = self.merge_trade_with_features(data)
  File "/Users/anushkapatil/Documents/anushka/src/data/preprocessing.py", line 179, in merge_trade_with_features
    raise ValueError("Comtrade data is empty after loading. Cannot proceed.")
ValueError: Comtrade data is empty after loading. Cannot proceed.
2026-04-01 16:49:30 | [32mINFO[0m | preprocessing | preprocess_data.py:31 | 🚀 Starting data preprocessing pipeline...
2026-04-01 16:49:30 | [31mERROR[0m | preprocessing | preprocess_data.py:72 | ❌ Preprocessing failed: Comtrade data is empty after loading. Cannot proceed.
Traceback (most recent call last):
  File "/Users/anushkapatil/Documents/anushka/scripts/preprocess_data.py", line 39, in main
    nodes, edges, metadata = preprocessor.run()
                             ^^^^^^^^^^^^^^^^^^
  File "/Users/anushkapatil/Documents/anushka/src/data/preprocessing.py", line 603, in run
    merged = self.merge_trade_with_features(data)
             ^^^^^^^^^^^^^^^^^^^^^^^^^^^^^^^^^^^^
  File "/Users/anushkapatil/Documents/anushka/src/data/preprocessing.py", line 179, in merge_trade_with_features
    raise ValueError("Comtrade data is empty after loading. Cannot proceed.")
ValueError: Comtrade data is empty after loading. Cannot proceed.
2026-04-02 08:36:35 | [32mINFO[0m | preprocessing | preprocess_data.py:31 | 🚀 Starting data preprocessing pipeline...
2026-04-02 08:36:35 | [31mERROR[0m | preprocessing | preprocess_data.py:72 | ❌ Preprocessing failed: Comtrade data is empty after loading. Cannot proceed.
Traceback (most recent call last):
  File "/Users/anushkapatil/Documents/anushka/scripts/preprocess_data.py", line 39, in main
    nodes, edges, metadata = preprocessor.run()
                             ^^^^^^^^^^^^^^^^^^
  File "/Users/anushkapatil/Documents/anushka/src/data/preprocessing.py", line 603, in run
    merged = self.merge_trade_with_features(data)
             ^^^^^^^^^^^^^^^^^^^^^^^^^^^^^^^^^^^^
  File "/Users/anushkapatil/Documents/anushka/src/data/preprocessing.py", line 179, in merge_trade_with_features
    raise ValueError("Comtrade data is empty after loading. Cannot proceed.")
ValueError: Comtrade data is empty after loading. Cannot proceed.
2026-04-02 08:39:24 | [32mINFO[0m | preprocessing | preprocess_data.py:31 | 🚀 Starting data preprocessing pipeline...
2026-04-02 08:39:24 | [31mERROR[0m | preprocessing | preprocess_data.py:72 | ❌ Preprocessing failed: 'source_iso3'
Traceback (most recent call last):
  File "/Users/anushkapatil/Documents/anushka/scripts/preprocess_data.py", line 39, in main
    nodes, edges, metadata = preprocessor.run()
                             ^^^^^^^^^^^^^^^^^^
  File "/Users/anushkapatil/Documents/anushka/src/data/preprocessing.py", line 603, in run
    merged = self.merge_trade_with_features(data)
             ^^^^^^^^^^^^^^^^^^^^^^^^^^^^^^^^^^^^
  File "/Users/anushkapatil/Documents/anushka/src/data/preprocessing.py", line 219, in merge_trade_with_features
    trade = trade.merge(
            ^^^^^^^^^^^^
  File "/Users/anushkapatil/Documents/anushka/venv/lib/python3.12/site-packages/pandas/core/frame.py", line 10832, in merge
    return merge(
           ^^^^^^
  File "/Users/anushkapatil/Documents/anushka/venv/lib/python3.12/site-packages/pandas/core/reshape/merge.py", line 170, in merge
    op = _MergeOperation(
         ^^^^^^^^^^^^^^^^
  File "/Users/anushkapatil/Documents/anushka/venv/lib/python3.12/site-packages/pandas/core/reshape/merge.py", line 794, in __init__
    ) = self._get_merge_keys()
        ^^^^^^^^^^^^^^^^^^^^^^
  File "/Users/anushkapatil/Documents/anushka/venv/lib/python3.12/site-packages/pandas/core/reshape/merge.py", line 1297, in _get_merge_keys
    right_keys.append(right._get_label_or_level_values(rk))
                      ^^^^^^^^^^^^^^^^^^^^^^^^^^^^^^^^^^^^
  File "/Users/anushkapatil/Documents/anushka/venv/lib/python3.12/site-packages/pandas/core/generic.py", line 1911, in _get_label_or_level_values
    raise KeyError(key)
KeyError: 'source_iso3'
2026-04-02 08:40:21 | [32mINFO[0m | preprocessing | preprocess_data.py:31 | 🚀 Starting data preprocessing pipeline...
2026-04-02 08:40:21 | [31mERROR[0m | preprocessing | preprocess_data.py:72 | ❌ Preprocessing failed: 'month'
Traceback (most recent call last):
  File "/Users/anushkapatil/Documents/anushka/scripts/preprocess_data.py", line 39, in main
    nodes, edges, metadata = preprocessor.run()
                             ^^^^^^^^^^^^^^^^^^
  File "/Users/anushkapatil/Documents/anushka/src/data/preprocessing.py", line 617, in run
    featured = self.engineer_features(merged)
               ^^^^^^^^^^^^^^^^^^^^^^^^^^^^^^
  File "/Users/anushkapatil/Documents/anushka/src/data/preprocessing.py", line 388, in engineer_features
    df = df.sort_values(['source_iso3', 'target_iso3', 'hs_code', 'year', 'month'])
         ^^^^^^^^^^^^^^^^^^^^^^^^^^^^^^^^^^^^^^^^^^^^^^^^^^^^^^^^^^^^^^^^^^^^^^^^^^
  File "/Users/anushkapatil/Documents/anushka/venv/lib/python3.12/site-packages/pandas/core/frame.py", line 7172, in sort_values
    keys = [self._get_label_or_level_values(x, axis=axis) for x in by]
            ^^^^^^^^^^^^^^^^^^^^^^^^^^^^^^^^^^^^^^^^^^^^^
  File "/Users/anushkapatil/Documents/anushka/venv/lib/python3.12/site-packages/pandas/core/generic.py", line 1911, in _get_label_or_level_values
    raise KeyError(key)
KeyError: 'month'
2026-04-02 08:40:40 | [32mINFO[0m | preprocessing | preprocess_data.py:31 | 🚀 Starting data preprocessing pipeline...
2026-04-02 08:40:44 | [31mERROR[0m | preprocessing | preprocess_data.py:72 | ❌ Preprocessing failed: "['shared_language', 'contiguous'] not in index"
Traceback (most recent call last):
  File "/Users/anushkapatil/Documents/anushka/scripts/preprocess_data.py", line 39, in main
    nodes, edges, metadata = preprocessor.run()
                             ^^^^^^^^^^^^^^^^^^
  File "/Users/anushkapatil/Documents/anushka/src/data/preprocessing.py", line 622, in run
    edges = self.create_edge_dataframe(cleaned)
            ^^^^^^^^^^^^^^^^^^^^^^^^^^^^^^^^^^^
  File "/Users/anushkapatil/Documents/anushka/src/data/preprocessing.py", line 525, in create_edge_dataframe
    edges = df[edge_features].copy()
            ~~^^^^^^^^^^^^^^^
  File "/Users/anushkapatil/Documents/anushka/venv/lib/python3.12/site-packages/pandas/core/frame.py", line 4108, in __getitem__
    indexer = self.columns._get_indexer_strict(key, "columns")[1]
              ^^^^^^^^^^^^^^^^^^^^^^^^^^^^^^^^^^^^^^^^^^^^^^^^
  File "/Users/anushkapatil/Documents/anushka/venv/lib/python3.12/site-packages/pandas/core/indexes/base.py", line 6200, in _get_indexer_strict
    self._raise_if_missing(keyarr, indexer, axis_name)
  File "/Users/anushkapatil/Documents/anushka/venv/lib/python3.12/site-packages/pandas/core/indexes/base.py", line 6252, in _raise_if_missing
    raise KeyError(f"{not_found} not in index")
KeyError: "['shared_language', 'contiguous'] not in index"
2026-04-02 08:41:00 | [32mINFO[0m | preprocessing | preprocess_data.py:31 | 🚀 Starting data preprocessing pipeline...
2026-04-02 08:41:30 | [32mINFO[0m | preprocessing | preprocess_data.py:31 | 🚀 Starting data preprocessing pipeline...
2026-04-02 08:46:54 | [32mINFO[0m | preprocessing | preprocess_data.py:31 | 🚀 Starting data preprocessing pipeline...
2026-04-02 08:59:54 | [32mINFO[0m | preprocessing | preprocess_data.py:31 | 🚀 Starting data preprocessing pipeline...
2026-04-02 09:03:17 | [32mINFO[0m | preprocessing | preprocess_data.py:31 | 🚀 Starting data preprocessing pipeline...
2026-04-02 11:40:12 | [32mINFO[0m | preprocessing | preprocess_data.py:31 | 🚀 Starting data preprocessing pipeline...
2026-04-02 11:41:20 | [32mINFO[0m | preprocessing | preprocess_data.py:31 | 🚀 Starting data preprocessing pipeline...
2026-04-02 11:45:09 | [32mINFO[0m | preprocessing | preprocess_data.py:31 | 🚀 Starting data preprocessing pipeline...
2026-04-02 11:48:30 | [32mINFO[0m | preprocessing | preprocess_data.py:31 | 🚀 Starting data preprocessing pipeline...
2026-04-02 11:55:20 | [32mINFO[0m | preprocessing | preprocess_data.py:31 | 🚀 Starting data preprocessing pipeline...
2026-04-02 12:05:38 | [32mINFO[0m | preprocessing | preprocess_data.py:31 | 🚀 Starting data preprocessing pipeline...
2026-04-02 12:12:10 | [32mINFO[0m | preprocessing | preprocess_data.py:31 | 🚀 Starting data preprocessing pipeline...
2026-04-02 12:13:41 | [32mINFO[0m | preprocessing | preprocess_data.py:31 | 🚀 Starting data preprocessing pipeline...
2026-04-02 12:14:50 | [32mINFO[0m | preprocessing | preprocess_data.py:31 | 🚀 Starting data preprocessing pipeline...
2026-04-02 18:38:54 | [32mINFO[0m | preprocessing | preprocess_data.py:31 | 🚀 Starting data preprocessing pipeline...
2026-04-02 18:54:18 | [32mINFO[0m | preprocessing | preprocess_data.py:31 | 🚀 Starting data preprocessing pipeline...
2026-04-02 21:54:13 | [32mINFO[0m | preprocessing | preprocess_data.py:31 | 🚀 Starting data preprocessing pipeline...
2026-04-03 18:15:55 | [32mINFO[0m | preprocessing | preprocess_data.py:31 | 🚀 Starting data preprocessing pipeline...
2026-04-03 18:20:07 | [32mINFO[0m | preprocessing | preprocess_data.py:31 | 🚀 Starting data preprocessing pipeline...
2026-04-03 18:33:26 | [32mINFO[0m | preprocessing | preprocess_data.py:31 | 🚀 Starting data preprocessing pipeline...
2026-04-03 18:40:11 | [32mINFO[0m | preprocessing | preprocess_data.py:31 | 🚀 Starting data preprocessing pipeline...
2026-04-03 18:43:08 | [32mINFO[0m | preprocessing | preprocess_data.py:31 | 🚀 Starting data preprocessing pipeline...
2026-04-03 18:45:15 | [32mINFO[0m | preprocessing | preprocess_data.py:31 | 🚀 Starting data preprocessing pipeline...
2026-04-03 18:47:41 | [32mINFO[0m | preprocessing | preprocess_data.py:31 | 🚀 Starting data preprocessing pipeline...
2026-04-03 18:55:41 | [32mINFO[0m | preprocessing | preprocess_data.py:31 | 🚀 Starting data preprocessing pipeline...
2026-04-03 18:59:31 | [32mINFO[0m | preprocessing | preprocess_data.py:31 | 🚀 Starting data preprocessing pipeline...
2026-04-03 19:02:28 | [32mINFO[0m | preprocessing | preprocess_data.py:31 | 🚀 Starting data preprocessing pipeline...
2026-04-03 19:07:02 | [32mINFO[0m | preprocessing | preprocess_data.py:31 | 🚀 Starting data preprocessing pipeline...
2026-04-03 19:09:53 | [32mINFO[0m | preprocessing | preprocess_data.py:31 | 🚀 Starting data preprocessing pipeline...
2026-04-03 19:13:31 | [32mINFO[0m | preprocessing | preprocess_data.py:31 | 🚀 Starting data preprocessing pipeline...
2026-04-03 19:14:41 | [32mINFO[0m | preprocessing | preprocess_data.py:31 | 🚀 Starting data preprocessing pipeline...
2026-04-03 19:23:54 | [32mINFO[0m | preprocessing | preprocess_data.py:31 | 🚀 Starting data preprocessing pipeline...
2026-04-03 21:47:07 | [32mINFO[0m | preprocessing | preprocess_data.py:31 | 🚀 Starting data preprocessing pipeline...
2026-04-03 21:48:50 | [32mINFO[0m | preprocessing | preprocess_data.py:31 | 🚀 Starting data preprocessing pipeline...
2026-04-03 21:55:44 | [32mINFO[0m | preprocessing | preprocess_data.py:31 | 🚀 Starting data preprocessing pipeline...
2026-04-03 22:05:50 | [32mINFO[0m | preprocessing | preprocess_data.py:31 | 🚀 Starting data preprocessing pipeline...
2026-04-03 22:42:57 | [32mINFO[0m | preprocessing | preprocess_data.py:31 | 🚀 Starting data preprocessing pipeline...
2026-04-03 23:34:58 | [32mINFO[0m | preprocessing | preprocess_data.py:31 | 🚀 Starting data preprocessing pipeline...
2026-04-03 23:42:36 | [32mINFO[0m | preprocessing | preprocess_data.py:31 | 🚀 Starting data preprocessing pipeline...
2026-04-04 00:08:16 | [32mINFO[0m | preprocessing | preprocess_data.py:31 | 🚀 Starting data preprocessing pipeline...
2026-04-04 00:10:37 | [32mINFO[0m | preprocessing | preprocess_data.py:31 | 🚀 Starting data preprocessing pipeline...
2026-04-04 00:13:03 | [32mINFO[0m | preprocessing | preprocess_data.py:31 | 🚀 Starting data preprocessing pipeline...
2026-04-04 00:15:58 | [32mINFO[0m | preprocessing | preprocess_data.py:31 | 🚀 Starting data preprocessing pipeline...
2026-04-04 00:23:38 | [32mINFO[0m | preprocessing | preprocess_data.py:31 | 🚀 Starting data preprocessing pipeline...
2026-04-04 00:24:51 | [32mINFO[0m | preprocessing | preprocess_data.py:31 | 🚀 Starting data preprocessing pipeline...
2026-04-04 00:26:21 | [32mINFO[0m | preprocessing | preprocess_data.py:31 | 🚀 Starting data preprocessing pipeline...
2026-04-04 00:29:55 | [32mINFO[0m | preprocessing | preprocess_data.py:31 | 🚀 Starting data preprocessing pipeline...
2026-04-04 00:33:12 | [32mINFO[0m | preprocessing | preprocess_data.py:31 | 🚀 Starting data preprocessing pipeline...
2026-04-04 00:35:13 | [32mINFO[0m | preprocessing | preprocess_data.py:31 | 🚀 Starting data preprocessing pipeline...
2026-04-04 00:36:50 | [32mINFO[0m | preprocessing | preprocess_data.py:31 | 🚀 Starting data preprocessing pipeline...
2026-04-04 00:38:25 | [32mINFO[0m | preprocessing | preprocess_data.py:31 | 🚀 Starting data preprocessing pipeline...
2026-04-04 06:35:15 | [32mINFO[0m | preprocessing | preprocess_data.py:31 | 🚀 Starting data preprocessing pipeline...
2026-04-04 08:18:25 | [32mINFO[0m | preprocessing | preprocess_data.py:31 | 🚀 Starting data preprocessing pipeline...
2026-04-20 15:22:43 | [32mINFO[0m | preprocessing | preprocess_data.py:31 | 🚀 Starting data preprocessing pipeline...
2026-04-20 16:11:40 | [32mINFO[0m | preprocessing | preprocess_data.py:31 | 🚀 Starting data preprocessing pipeline...
2026-04-20 16:34:54 | [32mINFO[0m | preprocessing | preprocess_data.py:31 | 🚀 Starting data preprocessing pipeline...
2026-04-20 16:50:38 | [32mINFO[0m | preprocessing | preprocess_data.py:31 | 🚀 Starting data preprocessing pipeline...
